2024-06-25 20:06:76 INFO  HomePage :35 - Clicking on login link : [[ChromeDriver: chrome on windows (08ff3dbf33e261efc4661f8434f512f6)] -> link text: Log in]
2024-06-25 20:06:175 INFO  LoginPage :43 - Getting text from : [[ChromeDriver: chrome on windows (08ff3dbf33e261efc4661f8434f512f6)] -> xpath: //h1[contains(text(),'Welcome, Please Sign In!')]]
2024-06-25 20:06:585 INFO  HomePage :35 - Clicking on login link : [[ChromeDriver: chrome on windows (8870134549de9df5ba763cdb0d9632e2)] -> link text: Log in]
2024-06-25 20:06:821 INFO  LoginPage :49 - Enter EmailField : [[ChromeDriver: chrome on windows (8870134549de9df5ba763cdb0d9632e2)] -> id: Email]
2024-06-25 20:06:975 INFO  LoginPage :54 - Enter PassWordField : [[ChromeDriver: chrome on windows (8870134549de9df5ba763cdb0d9632e2)] -> name: Password]
2024-06-25 20:06:342 INFO  LoginPage :59 - Clicking on login link : [[ChromeDriver: chrome on windows (8870134549de9df5ba763cdb0d9632e2)] -> xpath: //button[contains(text(),'Log in')]]
2024-06-25 20:06:580 INFO  LoginPage :63 - Getting error message from : [[ChromeDriver: chrome on windows (8870134549de9df5ba763cdb0d9632e2)] -> xpath: //div[@class='message-error validation-summary-errors']]
2024-06-25 20:06:322 INFO  HomePage :35 - Clicking on login link : [[ChromeDriver: chrome on windows (e79c1ec85142d8d7804daf7ea2dc4514)] -> link text: Log in]
2024-06-25 20:06:584 INFO  LoginPage :49 - Enter EmailField : [[ChromeDriver: chrome on windows (e79c1ec85142d8d7804daf7ea2dc4514)] -> id: Email]
2024-06-25 20:06:816 INFO  LoginPage :54 - Enter PassWordField : [[ChromeDriver: chrome on windows (e79c1ec85142d8d7804daf7ea2dc4514)] -> name: Password]
2024-06-25 20:06:363 INFO  LoginPage :59 - Clicking on login link : [[ChromeDriver: chrome on windows (e79c1ec85142d8d7804daf7ea2dc4514)] -> xpath: //button[contains(text(),'Log in')]]
2024-06-25 20:06:477 INFO  LoginPage :63 - Getting error message from : [[ChromeDriver: chrome on windows (e79c1ec85142d8d7804daf7ea2dc4514)] -> xpath: //div[@class='message-error validation-summary-errors']]
2024-06-25 20:06:223 INFO  HomePage :35 - Clicking on login link : [[ChromeDriver: chrome on windows (87901cff83c6be8b601fa59cf7b91a8e)] -> link text: Log in]
2024-06-25 20:06:469 INFO  LoginPage :49 - Enter EmailField : [[ChromeDriver: chrome on windows (87901cff83c6be8b601fa59cf7b91a8e)] -> id: Email]
2024-06-25 20:06:672 INFO  LoginPage :54 - Enter PassWordField : [[ChromeDriver: chrome on windows (87901cff83c6be8b601fa59cf7b91a8e)] -> name: Password]
2024-06-25 20:06:31 INFO  LoginPage :59 - Clicking on login link : [[ChromeDriver: chrome on windows (87901cff83c6be8b601fa59cf7b91a8e)] -> xpath: //button[contains(text(),'Log in')]]
2024-06-25 20:06:287 INFO  LoginPage :63 - Getting error message from : [[ChromeDriver: chrome on windows (87901cff83c6be8b601fa59cf7b91a8e)] -> xpath: //div[@class='message-error validation-summary-errors']]
2024-06-25 20:06:207 INFO  HomePage :35 - Clicking on login link : [[ChromeDriver: chrome on windows (16e24b703cfcb705081c9403b52d0a7b)] -> link text: Log in]
2024-06-25 20:06:390 INFO  LoginPage :49 - Enter EmailField : [[ChromeDriver: chrome on windows (16e24b703cfcb705081c9403b52d0a7b)] -> id: Email]
2024-06-25 20:06:615 INFO  LoginPage :54 - Enter PassWordField : [[ChromeDriver: chrome on windows (16e24b703cfcb705081c9403b52d0a7b)] -> name: Password]
2024-06-25 20:06:54 INFO  LoginPage :59 - Clicking on login link : [[ChromeDriver: chrome on windows (16e24b703cfcb705081c9403b52d0a7b)] -> xpath: //button[contains(text(),'Log in')]]
2024-06-25 20:06:273 INFO  LoginPage :69 - Getting text from : Proxy element for: DefaultElementLocator 'By.xpath: //a[normalize-space()='Log out']'
2024-06-25 20:06:79 INFO  HomePage :35 - Clicking on login link : [[ChromeDriver: chrome on windows (0d99fbc0b10e3474f68145cb6379aefe)] -> link text: Log in]
2024-06-25 20:06:424 INFO  LoginPage :49 - Enter EmailField : [[ChromeDriver: chrome on windows (0d99fbc0b10e3474f68145cb6379aefe)] -> id: Email]
2024-06-25 20:06:934 INFO  LoginPage :54 - Enter PassWordField : [[ChromeDriver: chrome on windows (0d99fbc0b10e3474f68145cb6379aefe)] -> name: Password]
2024-06-25 20:06:789 INFO  LoginPage :59 - Clicking on login link : [[ChromeDriver: chrome on windows (0d99fbc0b10e3474f68145cb6379aefe)] -> xpath: //button[contains(text(),'Log in')]]
2024-06-25 20:06:512 INFO  HomePage :35 - Clicking on login link : [[ChromeDriver: chrome on windows (274b4f1af2f89c26265ae67965479104)] -> link text: Log in]
2024-06-25 20:06:714 INFO  LoginPage :43 - Getting text from : [[ChromeDriver: chrome on windows (274b4f1af2f89c26265ae67965479104)] -> xpath: //h1[contains(text(),'Welcome, Please Sign In!')]]
2024-06-25 20:06:821 INFO  HomePage :35 - Clicking on login link : [[ChromeDriver: chrome on windows (2a18f1ea1c498bc7552210a03afec13f)] -> link text: Log in]
2024-06-25 20:06:987 INFO  LoginPage :49 - Enter EmailField : [[ChromeDriver: chrome on windows (2a18f1ea1c498bc7552210a03afec13f)] -> id: Email]
2024-06-25 20:06:98 INFO  LoginPage :54 - Enter PassWordField : [[ChromeDriver: chrome on windows (2a18f1ea1c498bc7552210a03afec13f)] -> name: Password]
2024-06-25 20:06:438 INFO  LoginPage :59 - Clicking on login link : [[ChromeDriver: chrome on windows (2a18f1ea1c498bc7552210a03afec13f)] -> xpath: //button[contains(text(),'Log in')]]
2024-06-25 20:06:631 INFO  LoginPage :63 - Getting error message from : [[ChromeDriver: chrome on windows (2a18f1ea1c498bc7552210a03afec13f)] -> xpath: //div[@class='message-error validation-summary-errors']]
2024-06-25 20:06:318 INFO  HomePage :35 - Clicking on login link : [[ChromeDriver: chrome on windows (3c29ffb02996682ee88a0b5342b436f3)] -> link text: Log in]
2024-06-25 20:06:565 INFO  LoginPage :49 - Enter EmailField : [[ChromeDriver: chrome on windows (3c29ffb02996682ee88a0b5342b436f3)] -> id: Email]
2024-06-25 20:06:727 INFO  LoginPage :54 - Enter PassWordField : [[ChromeDriver: chrome on windows (3c29ffb02996682ee88a0b5342b436f3)] -> name: Password]
2024-06-25 20:06:57 INFO  LoginPage :59 - Clicking on login link : [[ChromeDriver: chrome on windows (3c29ffb02996682ee88a0b5342b436f3)] -> xpath: //button[contains(text(),'Log in')]]
2024-06-25 20:06:372 INFO  LoginPage :63 - Getting error message from : [[ChromeDriver: chrome on windows (3c29ffb02996682ee88a0b5342b436f3)] -> xpath: //div[@class='message-error validation-summary-errors']]
2024-06-25 20:06:947 INFO  HomePage :35 - Clicking on login link : [[ChromeDriver: chrome on windows (0664579a711ac034b4af1f6db6c215d5)] -> link text: Log in]
2024-06-25 20:06:143 INFO  LoginPage :49 - Enter EmailField : [[ChromeDriver: chrome on windows (0664579a711ac034b4af1f6db6c215d5)] -> id: Email]
2024-06-25 20:06:266 INFO  LoginPage :54 - Enter PassWordField : [[ChromeDriver: chrome on windows (0664579a711ac034b4af1f6db6c215d5)] -> name: Password]
2024-06-25 20:06:621 INFO  LoginPage :59 - Clicking on login link : [[ChromeDriver: chrome on windows (0664579a711ac034b4af1f6db6c215d5)] -> xpath: //button[contains(text(),'Log in')]]
2024-06-25 20:06:816 INFO  LoginPage :63 - Getting error message from : [[ChromeDriver: chrome on windows (0664579a711ac034b4af1f6db6c215d5)] -> xpath: //div[@class='message-error validation-summary-errors']]
2024-06-25 20:06:706 INFO  HomePage :35 - Clicking on login link : [[ChromeDriver: chrome on windows (6eb1b9c17dde17caeb56e85398f6314a)] -> link text: Log in]
2024-06-25 20:06:70 INFO  LoginPage :49 - Enter EmailField : [[ChromeDriver: chrome on windows (6eb1b9c17dde17caeb56e85398f6314a)] -> id: Email]
2024-06-25 20:06:213 INFO  LoginPage :54 - Enter PassWordField : [[ChromeDriver: chrome on windows (6eb1b9c17dde17caeb56e85398f6314a)] -> name: Password]
2024-06-25 20:06:698 INFO  LoginPage :59 - Clicking on login link : [[ChromeDriver: chrome on windows (6eb1b9c17dde17caeb56e85398f6314a)] -> xpath: //button[contains(text(),'Log in')]]
2024-06-25 20:06:827 INFO  LoginPage :69 - Getting text from : Proxy element for: DefaultElementLocator 'By.xpath: //a[normalize-space()='Log out']'
2024-06-25 20:06:653 INFO  HomePage :35 - Clicking on login link : [[ChromeDriver: chrome on windows (2f79060a70b112c61f05767cae039e39)] -> link text: Log in]
2024-06-25 20:06:213 INFO  LoginPage :49 - Enter EmailField : [[ChromeDriver: chrome on windows (2f79060a70b112c61f05767cae039e39)] -> id: Email]
2024-06-25 20:06:465 INFO  LoginPage :54 - Enter PassWordField : [[ChromeDriver: chrome on windows (2f79060a70b112c61f05767cae039e39)] -> name: Password]
2024-06-25 20:06:880 INFO  LoginPage :59 - Clicking on login link : [[ChromeDriver: chrome on windows (2f79060a70b112c61f05767cae039e39)] -> xpath: //button[contains(text(),'Log in')]]
2024-06-25 20:06:308 INFO  HomePage :40 - Clicking on register link : [[ChromeDriver: chrome on windows (51fcc495e2f7dd4e3fb834f7cc30b7d9)] -> link text: Register]
2024-06-25 20:06:854 INFO  HomePage :40 - Clicking on register link : [[ChromeDriver: chrome on windows (80b4c400d05a6c64880432964bbf10de)] -> link text: Register]
2024-06-25 20:06:18 INFO  HomePage :40 - Clicking on register link : [[ChromeDriver: chrome on windows (efd6b27dc91a6aefe1f3df8b0d8b5f8c)] -> link text: Register]
2024-06-25 20:06:813 INFO  HomePage :40 - Clicking on register link : [[ChromeDriver: chrome on windows (23b2ceae09be827a35155e7416d55385)] -> link text: Register]
2024-06-25 21:06:209 INFO  HomePage :35 - Clicking on login link : [[ChromeDriver: chrome on windows (6a5c0e57ee03ca65bda81b5e055425ee)] -> link text: Log in]
2024-06-25 21:06:326 INFO  LoginPage :43 - Getting text from : [[ChromeDriver: chrome on windows (6a5c0e57ee03ca65bda81b5e055425ee)] -> xpath: //h1[contains(text(),'Welcome, Please Sign In!')]]
2024-06-25 21:06:443 INFO  HomePage :35 - Clicking on login link : [[ChromeDriver: chrome on windows (fe7a25b4917ff1b78a60c5680c3dc56f)] -> link text: Log in]
2024-06-25 21:06:661 INFO  LoginPage :49 - Enter EmailField : [[ChromeDriver: chrome on windows (fe7a25b4917ff1b78a60c5680c3dc56f)] -> id: Email]
2024-06-25 21:06:816 INFO  LoginPage :54 - Enter PassWordField : [[ChromeDriver: chrome on windows (fe7a25b4917ff1b78a60c5680c3dc56f)] -> name: Password]
2024-06-25 21:06:244 INFO  LoginPage :59 - Clicking on login link : [[ChromeDriver: chrome on windows (fe7a25b4917ff1b78a60c5680c3dc56f)] -> xpath: //button[contains(text(),'Log in')]]
2024-06-25 21:06:307 INFO  LoginPage :63 - Getting error message from : [[ChromeDriver: chrome on windows (fe7a25b4917ff1b78a60c5680c3dc56f)] -> xpath: //div[@class='message-error validation-summary-errors']]
2024-06-25 21:06:608 INFO  HomePage :35 - Clicking on login link : [[ChromeDriver: chrome on windows (74ec4cded836768c91962091e61d7683)] -> link text: Log in]
2024-06-25 21:06:01 INFO  LoginPage :49 - Enter EmailField : [[ChromeDriver: chrome on windows (74ec4cded836768c91962091e61d7683)] -> id: Email]
2024-06-25 21:06:175 INFO  LoginPage :54 - Enter PassWordField : [[ChromeDriver: chrome on windows (74ec4cded836768c91962091e61d7683)] -> name: Password]
2024-06-25 21:06:610 INFO  LoginPage :59 - Clicking on login link : [[ChromeDriver: chrome on windows (74ec4cded836768c91962091e61d7683)] -> xpath: //button[contains(text(),'Log in')]]
2024-06-25 21:06:665 INFO  LoginPage :63 - Getting error message from : [[ChromeDriver: chrome on windows (74ec4cded836768c91962091e61d7683)] -> xpath: //div[@class='message-error validation-summary-errors']]
2024-06-25 21:06:204 INFO  HomePage :35 - Clicking on login link : [[ChromeDriver: chrome on windows (8a185f398857751f9c381255395e8103)] -> link text: Log in]
2024-06-25 21:06:409 INFO  LoginPage :49 - Enter EmailField : [[ChromeDriver: chrome on windows (8a185f398857751f9c381255395e8103)] -> id: Email]
2024-06-25 21:06:560 INFO  LoginPage :54 - Enter PassWordField : [[ChromeDriver: chrome on windows (8a185f398857751f9c381255395e8103)] -> name: Password]
2024-06-25 21:06:966 INFO  LoginPage :59 - Clicking on login link : [[ChromeDriver: chrome on windows (8a185f398857751f9c381255395e8103)] -> xpath: //button[contains(text(),'Log in')]]
2024-06-25 21:06:20 INFO  LoginPage :63 - Getting error message from : [[ChromeDriver: chrome on windows (8a185f398857751f9c381255395e8103)] -> xpath: //div[@class='message-error validation-summary-errors']]
2024-06-25 21:06:385 INFO  HomePage :35 - Clicking on login link : [[ChromeDriver: chrome on windows (d8efcf2d105db0adb9691577e6121077)] -> link text: Log in]
2024-06-25 21:06:595 INFO  LoginPage :49 - Enter EmailField : [[ChromeDriver: chrome on windows (d8efcf2d105db0adb9691577e6121077)] -> id: Email]
2024-06-25 21:06:749 INFO  LoginPage :54 - Enter PassWordField : [[ChromeDriver: chrome on windows (d8efcf2d105db0adb9691577e6121077)] -> name: Password]
2024-06-25 21:06:71 INFO  LoginPage :59 - Clicking on login link : [[ChromeDriver: chrome on windows (d8efcf2d105db0adb9691577e6121077)] -> xpath: //button[contains(text(),'Log in')]]
2024-06-25 21:06:211 INFO  LoginPage :69 - Getting text from : Proxy element for: DefaultElementLocator 'By.xpath: //a[normalize-space()='Log out']'
2024-06-25 21:06:615 INFO  HomePage :35 - Clicking on login link : [[ChromeDriver: chrome on windows (b86dc3a945e4f730c22e063b6e9cacc8)] -> link text: Log in]
2024-06-25 21:06:877 INFO  LoginPage :49 - Enter EmailField : [[ChromeDriver: chrome on windows (b86dc3a945e4f730c22e063b6e9cacc8)] -> id: Email]
2024-06-25 21:06:45 INFO  LoginPage :54 - Enter PassWordField : [[ChromeDriver: chrome on windows (b86dc3a945e4f730c22e063b6e9cacc8)] -> name: Password]
2024-06-25 21:06:468 INFO  LoginPage :59 - Clicking on login link : [[ChromeDriver: chrome on windows (b86dc3a945e4f730c22e063b6e9cacc8)] -> xpath: //button[contains(text(),'Log in')]]
2024-06-25 21:06:508 INFO  HomePage :40 - Clicking on register link : [[ChromeDriver: chrome on windows (0458269f86cb43faf312da977d07c548)] -> link text: Register]
2024-06-25 21:06:468 INFO  HomePage :40 - Clicking on register link : [[ChromeDriver: chrome on windows (c6abcc5a3441503e5cf4a43ff806a808)] -> link text: Register]
2024-06-25 21:06:38 INFO  HomePage :40 - Clicking on register link : [[ChromeDriver: chrome on windows (4f65716faa42ceb6ae11955e89006cb6)] -> link text: Register]
2024-06-25 21:06:345 INFO  HomePage :35 - Clicking on login link : [[ChromeDriver: chrome on windows (cb742fbd44e52e1d80d38d7be3471989)] -> link text: Log in]
2024-06-25 21:06:638 INFO  LoginPage :49 - Enter EmailField : [[ChromeDriver: chrome on windows (cb742fbd44e52e1d80d38d7be3471989)] -> id: Email]
2024-06-25 21:06:890 INFO  LoginPage :54 - Enter PassWordField : [[ChromeDriver: chrome on windows (cb742fbd44e52e1d80d38d7be3471989)] -> name: Password]
2024-06-25 21:06:372 INFO  LoginPage :59 - Clicking on login link : [[ChromeDriver: chrome on windows (cb742fbd44e52e1d80d38d7be3471989)] -> xpath: //button[contains(text(),'Log in')]]
2024-06-25 21:06:809 INFO  HomePage :35 - Clicking on login link : [[ChromeDriver: chrome on windows (2b798787e6a3298eecc0459d2855a784)] -> link text: Log in]
2024-06-25 21:06:122 INFO  LoginPage :49 - Enter EmailField : [[ChromeDriver: chrome on windows (2b798787e6a3298eecc0459d2855a784)] -> id: Email]
2024-06-25 21:06:328 INFO  LoginPage :54 - Enter PassWordField : [[ChromeDriver: chrome on windows (2b798787e6a3298eecc0459d2855a784)] -> name: Password]
2024-06-25 21:06:947 INFO  LoginPage :59 - Clicking on login link : [[ChromeDriver: chrome on windows (2b798787e6a3298eecc0459d2855a784)] -> xpath: //button[contains(text(),'Log in')]]
2024-06-25 21:06:392 INFO  HomePage :35 - Clicking on login link : [[ChromeDriver: chrome on windows (f1d9f766a84c536a61d234e9a5beb657)] -> link text: Log in]
2024-06-25 21:06:532 INFO  LoginPage :43 - Getting text from : [[ChromeDriver: chrome on windows (f1d9f766a84c536a61d234e9a5beb657)] -> xpath: //h1[contains(text(),'Welcome, Please Sign In!')]]
2024-06-25 21:06:261 INFO  HomePage :35 - Clicking on login link : [[ChromeDriver: chrome on windows (2f908dcaf83bbd03f263da1bbf45fd79)] -> link text: Log in]
2024-06-25 21:06:576 INFO  LoginPage :49 - Enter EmailField : [[ChromeDriver: chrome on windows (2f908dcaf83bbd03f263da1bbf45fd79)] -> id: Email]
2024-06-25 21:06:750 INFO  LoginPage :54 - Enter PassWordField : [[ChromeDriver: chrome on windows (2f908dcaf83bbd03f263da1bbf45fd79)] -> name: Password]
2024-06-25 21:06:333 INFO  LoginPage :59 - Clicking on login link : [[ChromeDriver: chrome on windows (2f908dcaf83bbd03f263da1bbf45fd79)] -> xpath: //button[contains(text(),'Log in')]]
2024-06-25 21:06:394 INFO  LoginPage :63 - Getting error message from : [[ChromeDriver: chrome on windows (2f908dcaf83bbd03f263da1bbf45fd79)] -> xpath: //div[@class='message-error validation-summary-errors']]
2024-06-25 21:06:452 INFO  HomePage :35 - Clicking on login link : [[ChromeDriver: chrome on windows (acfc1f0aa58ae36590bb1b3fa362d851)] -> link text: Log in]
2024-06-25 21:06:642 INFO  LoginPage :49 - Enter EmailField : [[ChromeDriver: chrome on windows (acfc1f0aa58ae36590bb1b3fa362d851)] -> id: Email]
2024-06-25 21:06:794 INFO  LoginPage :54 - Enter PassWordField : [[ChromeDriver: chrome on windows (acfc1f0aa58ae36590bb1b3fa362d851)] -> name: Password]
2024-06-25 21:06:213 INFO  LoginPage :59 - Clicking on login link : [[ChromeDriver: chrome on windows (acfc1f0aa58ae36590bb1b3fa362d851)] -> xpath: //button[contains(text(),'Log in')]]
2024-06-25 21:06:352 INFO  LoginPage :63 - Getting error message from : [[ChromeDriver: chrome on windows (acfc1f0aa58ae36590bb1b3fa362d851)] -> xpath: //div[@class='message-error validation-summary-errors']]
2024-06-25 21:06:488 INFO  HomePage :35 - Clicking on login link : [[ChromeDriver: chrome on windows (aef5a90e17daab52602c789f07137a60)] -> link text: Log in]
2024-06-25 21:06:711 INFO  LoginPage :49 - Enter EmailField : [[ChromeDriver: chrome on windows (aef5a90e17daab52602c789f07137a60)] -> id: Email]
2024-06-25 21:06:836 INFO  LoginPage :54 - Enter PassWordField : [[ChromeDriver: chrome on windows (aef5a90e17daab52602c789f07137a60)] -> name: Password]
2024-06-25 21:06:225 INFO  LoginPage :59 - Clicking on login link : [[ChromeDriver: chrome on windows (aef5a90e17daab52602c789f07137a60)] -> xpath: //button[contains(text(),'Log in')]]
2024-06-25 21:06:381 INFO  LoginPage :63 - Getting error message from : [[ChromeDriver: chrome on windows (aef5a90e17daab52602c789f07137a60)] -> xpath: //div[@class='message-error validation-summary-errors']]
2024-06-25 21:06:667 INFO  HomePage :35 - Clicking on login link : [[ChromeDriver: chrome on windows (b9170ef7b3c6b04af6c0ef6b69fa68ae)] -> link text: Log in]
2024-06-25 21:06:329 INFO  LoginPage :49 - Enter EmailField : [[ChromeDriver: chrome on windows (b9170ef7b3c6b04af6c0ef6b69fa68ae)] -> id: Email]
2024-06-25 21:06:738 INFO  LoginPage :54 - Enter PassWordField : [[ChromeDriver: chrome on windows (b9170ef7b3c6b04af6c0ef6b69fa68ae)] -> name: Password]
2024-06-25 21:06:380 INFO  LoginPage :59 - Clicking on login link : [[ChromeDriver: chrome on windows (b9170ef7b3c6b04af6c0ef6b69fa68ae)] -> xpath: //button[contains(text(),'Log in')]]
2024-06-25 21:06:425 INFO  LoginPage :69 - Getting text from : Proxy element for: DefaultElementLocator 'By.xpath: //a[normalize-space()='Log out']'
2024-06-25 21:06:111 INFO  HomePage :35 - Clicking on login link : [[ChromeDriver: chrome on windows (68045e38142883d9638f4b5df6d7015d)] -> link text: Log in]
2024-06-25 21:06:654 INFO  LoginPage :49 - Enter EmailField : [[ChromeDriver: chrome on windows (68045e38142883d9638f4b5df6d7015d)] -> id: Email]
2024-06-25 21:06:874 INFO  LoginPage :54 - Enter PassWordField : [[ChromeDriver: chrome on windows (68045e38142883d9638f4b5df6d7015d)] -> name: Password]
2024-06-25 21:06:392 INFO  LoginPage :59 - Clicking on login link : [[ChromeDriver: chrome on windows (68045e38142883d9638f4b5df6d7015d)] -> xpath: //button[contains(text(),'Log in')]]
2024-06-25 21:06:597 INFO  LoginPage :69 - Getting text from : Proxy element for: DefaultElementLocator 'By.xpath: //a[normalize-space()='Log out']'
2024-06-25 22:06:518 INFO  HomePage :40 - Clicking on register link : [[ChromeDriver: chrome on windows (159d7155e4967c693de62ffe2d7f1404)] -> link text: Register]
2024-06-25 22:06:874 INFO  HomePage :40 - Clicking on register link : [[ChromeDriver: chrome on windows (a1d44a1c5e3e0803f00a0bfbf0db8443)] -> link text: Register]
2024-06-25 22:06:220 INFO  HomePage :40 - Clicking on register link : [[ChromeDriver: chrome on windows (40931d58fe000658f40b7a8d39fa77b1)] -> link text: Register]
2024-06-25 22:06:188 INFO  HomePage :40 - Clicking on register link : [[ChromeDriver: chrome on windows (2d124d5e6d68ea4369cbc70be2adfff3)] -> link text: Register]
2024-06-25 22:06:719 INFO  HomePage :35 - Clicking on login link : [[ChromeDriver: chrome on windows (3dc0a614e8e0648e260c8a9164d6b5f8)] -> link text: Log in]
2024-06-25 22:06:384 INFO  LoginPage :49 - Enter EmailField : [[ChromeDriver: chrome on windows (3dc0a614e8e0648e260c8a9164d6b5f8)] -> id: Email]
2024-06-25 22:06:587 INFO  LoginPage :54 - Enter PassWordField : [[ChromeDriver: chrome on windows (3dc0a614e8e0648e260c8a9164d6b5f8)] -> name: Password]
2024-06-25 22:06:179 INFO  LoginPage :59 - Clicking on login link : [[ChromeDriver: chrome on windows (3dc0a614e8e0648e260c8a9164d6b5f8)] -> xpath: //button[contains(text(),'Log in')]]
2024-06-25 22:06:658 INFO  HomePage :35 - Clicking on login link : [[ChromeDriver: chrome on windows (2c998bdee49cbbcf605cf6eaeebcd9d5)] -> link text: Log in]
2024-06-25 22:06:61 INFO  LoginPage :49 - Enter EmailField : [[ChromeDriver: chrome on windows (2c998bdee49cbbcf605cf6eaeebcd9d5)] -> id: Email]
2024-06-25 22:06:302 INFO  LoginPage :54 - Enter PassWordField : [[ChromeDriver: chrome on windows (2c998bdee49cbbcf605cf6eaeebcd9d5)] -> name: Password]
2024-06-25 22:06:922 INFO  LoginPage :59 - Clicking on login link : [[ChromeDriver: chrome on windows (2c998bdee49cbbcf605cf6eaeebcd9d5)] -> xpath: //button[contains(text(),'Log in')]]
2024-06-25 22:06:991 INFO  LoginPage :69 - Getting text from : Proxy element for: DefaultElementLocator 'By.xpath: //a[normalize-space()='Log out']'
2024-06-25 22:06:235 INFO  HomePage :35 - Clicking on login link : [[ChromeDriver: chrome on windows (1a5c527112bcd1363ed2b3f34308e7f6)] -> link text: Log in]
2024-06-25 22:06:725 INFO  LoginPage :49 - Enter EmailField : [[ChromeDriver: chrome on windows (1a5c527112bcd1363ed2b3f34308e7f6)] -> id: Email]
2024-06-25 22:06:22 INFO  LoginPage :54 - Enter PassWordField : [[ChromeDriver: chrome on windows (1a5c527112bcd1363ed2b3f34308e7f6)] -> name: Password]
2024-06-25 22:06:656 INFO  LoginPage :59 - Clicking on login link : [[ChromeDriver: chrome on windows (1a5c527112bcd1363ed2b3f34308e7f6)] -> xpath: //button[contains(text(),'Log in')]]
2024-06-25 22:06:873 INFO  LoginPage :69 - Getting text from : Proxy element for: DefaultElementLocator 'By.xpath: //a[normalize-space()='Log out']'
